<?xml version="1.0" encoding="UTF-8"?>
<testng-results skipped="0" failed="0" total="1" passed="1">
  <reporter-output>
  </reporter-output>
  <suite name="Default suite" duration-ms="47" started-at="2015-09-19T01:45:41Z" finished-at="2015-09-19T01:45:41Z">
    <groups>
      <group name="{SmokeTest}">
        <method signature="Locators.first_test()[pri:0, instance:Day1.Locators@2f7c7260]" name="first_test" class="Day1.Locators"/>
      </group> <!-- {SmokeTest} -->
    </groups>
    <test name="Default test" duration-ms="47" started-at="2015-09-19T01:45:41Z" finished-at="2015-09-19T01:45:41Z">
      <class name="Day1.Locators">
        <test-method status="PASS" signature="first_test()[pri:0, instance:Day1.Locators@2f7c7260]" name="first_test" duration-ms="15" started-at="2015-09-19T07:15:41Z" finished-at="2015-09-19T07:15:41Z">
          <reporter-output>
          </reporter-output>
        </test-method> <!-- first_test -->
      </class> <!-- Day1.Locators -->
    </test> <!-- Default test -->
  </suite> <!-- Default suite -->
</testng-results>
